<?xml version="1.0" encoding="UTF-8"?>
<!-- Generated by org.testng.reporters.JUnitXMLReporter -->
<testsuite hostname="DESKTOP-0HI34DT" ignored="0" name="Bank Manager Login Test" tests="1" failures="1" timestamp="02 mar 2019 14:03:28 GMT" time="10.235" errors="0">
  <testcase name="loginAsBankManager" time="10.197" classname="testcases.BankManagerLoginTest">
    <failure type="java.lang.AssertionError" message="Add Customer button not exist expected [true] but found [false]">
      <![CDATA[java.lang.AssertionError: Add Customer button not exist expected [true] but found [false]
at testcases.BankManagerLoginTest.loginAsBankManager(BankManagerLoginTest.java:15)
... Removed 28 stack frames]]>
    </failure>
  </testcase> <!-- loginAsBankManager -->
</testsuite> <!-- Bank Manager Login Test -->
