<?xml version="1.0" encoding="UTF-8"?>
<testng-results skipped="0" failed="0" ignored="0" total="0" passed="0">
  <reporter-output>
  </reporter-output>
  <suite name="Command line suite" duration-ms="7" started-at="2019-08-14T17:35:55 CEST" finished-at="2019-08-14T17:35:55 CEST">
    <groups>
    </groups>
    <test name="Command line test" duration-ms="7" started-at="2019-08-14T17:35:55 CEST" finished-at="2019-08-14T17:35:55 CEST">
    </test> <!-- Command line test -->
  </suite> <!-- Command line suite -->
</testng-results>
