<?xml version="1.0" encoding="UTF-8" ?>
<testsuite tests="1" failures="0" name="runner.TestRunner" time="0.222" errors="1" skipped="0">
  <properties>
[...]
</properties>
  <testcase classname="runner.TestRunner" name="runner.TestRunner" time="0.222">
    <error message="java.lang.NoSuchMethodException: cucumber.runtime.java.JavaBackend.&lt;init&gt;(cucumber.runtime.io.ResourceLoader, io.cucumber.stepexpression.TypeRegistry)" type="cucumber.runtime.CucumberException">cucumber.runtime.CucumberException: java.lang.NoSuchMethodException: cucumber.runtime.java.JavaBackend.&lt;init&gt;(cucumber.runtime.io.ResourceLoader, io.cucumber.stepexpression.TypeRegistry)
	at cucumber.runtime.Reflections.newInstance(Reflections.java:54)
	at cucumber.runtime.Reflections.instantiateSubclasses(Reflections.java:36)
	at cucumber.runtime.BackendModuleBackendSupplier.loadBackends(BackendModuleBackendSupplier.java:61)
	at cucumber.runtime.BackendModuleBackendSupplier.get(BackendModuleBackendSupplier.java:39)
	at cucumber.runner.ThreadLocalRunnerSupplier.createRunner(ThreadLocalRunnerSupplier.java:42)
	at cucumber.runner.ThreadLocalRunnerSupplier.access$000(ThreadLocalRunnerSupplier.java:13)
	at cucumber.runner.ThreadLocalRunnerSupplier$1.initialValue(ThreadLocalRunnerSupplier.java:22)
	at cucumber.runner.ThreadLocalRunnerSupplier$1.initialValue(ThreadLocalRunnerSupplier.java:19)
	at java.lang.ThreadLocal.setInitialValue(ThreadLocal.java:180)
	at java.lang.ThreadLocal.get(ThreadLocal.java:170)
	at cucumber.runner.ThreadLocalRunnerSupplier.get(ThreadLocalRunnerSupplier.java:38)
	at io.cucumber.junit.Cucumber$RunCucumber.evaluate(Cucumber.java:171)
	at org.junit.runners.ParentRunner.run(ParentRunner.java:363)
	at org.apache.maven.surefire.junit4.JUnit4Provider.execute(JUnit4Provider.java:252)
	at org.apache.maven.surefire.junit4.JUnit4Provider.executeTestSet(JUnit4Provider.java:141)
	at org.apache.maven.surefire.junit4.JUnit4Provider.invoke(JUnit4Provider.java:112)
	at sun.reflect.NativeMethodAccessorImpl.invoke0(Native Method)
	at sun.reflect.NativeMethodAccessorImpl.invoke(NativeMethodAccessorImpl.java:62)
	at sun.reflect.DelegatingMethodAccessorImpl.invoke(DelegatingMethodAccessorImpl.java:43)
	at java.lang.reflect.Method.invoke(Method.java:498)
	at org.apache.maven.surefire.util.ReflectionUtils.invokeMethodWithArray(ReflectionUtils.java:189)
	at org.apache.maven.surefire.booter.ProviderFactory$ProviderProxy.invoke(ProviderFactory.java:165)
	at org.apache.maven.surefire.booter.ProviderFactory.invokeProvider(ProviderFactory.java:85)
	at org.apache.maven.surefire.booter.ForkedBooter.runSuitesInProcess(ForkedBooter.java:115)
	at org.apache.maven.surefire.booter.ForkedBooter.main(ForkedBooter.java:75)
Caused by: java.lang.NoSuchMethodException: cucumber.runtime.java.JavaBackend.&lt;init&gt;(cucumber.runtime.io.ResourceLoader, io.cucumber.stepexpression.TypeRegistry)
	at java.lang.Class.getConstructor0(Class.java:3082)
	at java.lang.Class.getConstructor(Class.java:1825)
	at cucumber.runtime.Reflections.newInstance(Reflections.java:46)
	... 24 more
</error>
  </testcase>
</testsuite>